Build started 6/2/2016 10:35:42 AM.
     1>Project "C:\Projects\Tarea3\Tarea_3\Tarea3\Tarea_3.vcxproj" on node 2 (Rebuild target(s)).
     1>ClCompile:
         C:\Program Files (x86)\Microsoft Visual Studio 12.0\VC\bin\CL.exe /c /ZI /nologo /W3 /WX- /Od /Oy- /D WIN32 /D _DEBUG /D _CONSOLE /D _UNICODE /D UNICODE /Gm /EHsc /RTC1 /MDd /GS /fp:precise /Zc:wchar_t /Zc:forScope /Fo"Debug\\" /Fd"Debug\vc120.pdb" /Gd /TP /analyze- /errorReport:prompt cara.cpp figura.cpp main.cpp punto.cpp
         punto.cpp
         main.cpp
     1>c:\projects\tarea3\tarea_3\tarea3\main.cpp(1183): warning C4996: 'scanf': This function or variable may be unsafe. Consider using scanf_s instead. To disable deprecation, use _CRT_SECURE_NO_WARNINGS. See online help for details.
                 c:\program files (x86)\microsoft visual studio 12.0\vc\include\stdio.h(283) : see declaration of 'scanf'
         figura.cpp
         cara.cpp
         Generating Code...
       Link:
         C:\Program Files (x86)\Microsoft Visual Studio 12.0\VC\bin\link.exe /ERRORREPORT:PROMPT /OUT:"C:\Projects\Tarea3\Tarea_3\Tarea3\Debug\Tarea_3.exe" /INCREMENTAL /NOLOGO kernel32.lib user32.lib gdi32.lib winspool.lib comdlg32.lib advapi32.lib shell32.lib ole32.lib oleaut32.lib uuid.lib odbc32.lib odbccp32.lib /MANIFEST /MANIFESTUAC:"level='asInvoker' uiAccess='false'" /manifest:embed /DEBUG /PDB:"C:\Projects\Tarea3\Tarea_3\Tarea3\Debug\Tarea_3.pdb" /SUBSYSTEM:CONSOLE /TLBID:1 /DYNAMICBASE /NXCOMPAT /IMPLIB:"C:\Projects\Tarea3\Tarea_3\Tarea3\Debug\Tarea_3.lib" /MACHINE:X86 /SAFESEH Debug\cara.obj
         Debug\figura.obj
         Debug\main.obj
         Debug\punto.obj
     1>cara.obj : warning LNK4075: ignoring '/EDITANDCONTINUE' due to '/SAFESEH' specification
         Tarea_3.vcxproj -> C:\Projects\Tarea3\Tarea_3\Tarea3\Debug\Tarea_3.exe
     1>Done Building Project "C:\Projects\Tarea3\Tarea_3\Tarea3\Tarea_3.vcxproj" (Rebuild target(s)).

Build succeeded.

Time Elapsed 00:00:00.95
