Build started 6/2/2016 10:46:56 AM.
     1>Project "C:\Projects\PolygonMesh\PolygonMesh\PolygonMesh\Tarea_3.vcxproj" on node 2 (Build target(s)).
     1>ClCompile:
         C:\Program Files (x86)\Microsoft Visual Studio 12.0\VC\bin\CL.exe /c /Zi /nologo /W3 /WX- /O2 /Oi /Oy- /GL /D WIN32 /D NDEBUG /D _CONSOLE /D _UNICODE /D UNICODE /Gm- /EHsc /MD /GS /Gy /fp:precise /Zc:wchar_t /Zc:forScope /Fo"Release\\" /Fd"Release\vc120.pdb" /Gd /TP /analyze- /errorReport:prompt cara.cpp figura.cpp main.cpp punto.cpp
         cara.cpp
         figura.cpp
         main.cpp
     1>main.cpp(1183): warning C4996: 'scanf': This function or variable may be unsafe. Consider using scanf_s instead. To disable deprecation, use _CRT_SECURE_NO_WARNINGS. See online help for details.
                 C:\Program Files (x86)\Microsoft Visual Studio 12.0\VC\include\stdio.h(283) : see declaration of 'scanf'
         punto.cpp
       Link:
         C:\Program Files (x86)\Microsoft Visual Studio 12.0\VC\bin\link.exe /ERRORREPORT:PROMPT /OUT:"C:\Projects\PolygonMesh\PolygonMesh\PolygonMesh\Release\Tarea_3.exe" /INCREMENTAL:NO /NOLOGO kernel32.lib user32.lib gdi32.lib winspool.lib comdlg32.lib advapi32.lib shell32.lib ole32.lib oleaut32.lib uuid.lib odbc32.lib odbccp32.lib /MANIFEST /MANIFESTUAC:"level='asInvoker' uiAccess='false'" /manifest:embed /DEBUG /PDB:"C:\Projects\PolygonMesh\PolygonMesh\PolygonMesh\Release\Tarea_3.pdb" /SUBSYSTEM:CONSOLE /OPT:REF /OPT:ICF /LTCG /TLBID:1 /DYNAMICBASE /NXCOMPAT /IMPLIB:"C:\Projects\PolygonMesh\PolygonMesh\PolygonMesh\Release\Tarea_3.lib" /MACHINE:X86 /SAFESEH Release\cara.obj
         Release\figura.obj
         Release\main.obj
         Release\punto.obj
         Generating code
         Finished generating code
         Tarea_3.vcxproj -> C:\Projects\PolygonMesh\PolygonMesh\PolygonMesh\Release\Tarea_3.exe
     1>Done Building Project "C:\Projects\PolygonMesh\PolygonMesh\PolygonMesh\Tarea_3.vcxproj" (Build target(s)).

Build succeeded.

Time Elapsed 00:00:01.48
